<?xml version="1.0" encoding="UTF-8"?>
<testsuite xmlns:xsi="http://www.w3.org/2001/XMLSchema-instance" xsi:noNamespaceSchemaLocation="https://maven.apache.org/surefire/maven-surefire-plugin/xsd/surefire-test-report-3.0.xsd" version="3.0" name="com.zproducts.service.ProductServiceTests" time="7.065" tests="5" errors="0" skipped="0" failures="0">
  <properties>
[...]
</properties>
  <testcase name="testGetProductsReturnsProductList(String, Integer, Integer)[1]" classname="com.zproducts.service.ProductServiceTests" time="0.761">
    <system-out><![CDATA[08:32:50.593 [main] INFO org.springframework.test.context.support.AnnotationConfigContextLoaderUtils -- Could not detect default configuration classes for test class [com.zproducts.service.ProductServiceTests]: ProductServiceTests does not declare any static, non-private, non-final, nested classes annotated with @Configuration.
08:32:50.732 [main] INFO org.springframework.boot.test.context.SpringBootTestContextBootstrapper -- Found @SpringBootConfiguration com.zproducts.ZaraProductsApplication for test class com.zproducts.service.ProductServiceTests
08:32:50.980 [main] INFO org.springframework.boot.devtools.restart.RestartApplicationListener -- Restart disabled due to context in which it is running

  .   ____          _            __ _ _
 /\\ / ___'_ __ _ _(_)_ __  __ _ \ \ \ \
( ( )\___ | '_ | '_| | '_ \/ _` | \ \ \ \
 \\/  ___)| |_)| | | | | || (_| |  ) ) ) )
  '  |____| .__|_| |_|_| |_\__, | / / / /
 =========|_|==============|___/=/_/_/_/
 :: Spring Boot ::                (v3.1.5)

2023-10-29T08:32:51.307+01:00  INFO 12136 --- [           main] c.zproducts.service.ProductServiceTests  : Starting ProductServiceTests using Java 20.0.1 with PID 12136 (started by Kilian in C:\Users\Kilian\IdeaProjects\zaraproducts)
2023-10-29T08:32:51.309+01:00  INFO 12136 --- [           main] c.zproducts.service.ProductServiceTests  : The following 1 profile is active: "test"
2023-10-29T08:32:52.004+01:00  INFO 12136 --- [           main] .s.d.r.c.RepositoryConfigurationDelegate : Bootstrapping Spring Data JPA repositories in DEFAULT mode.
2023-10-29T08:32:52.064+01:00  INFO 12136 --- [           main] .s.d.r.c.RepositoryConfigurationDelegate : Finished Spring Data repository scanning in 51 ms. Found 1 JPA repository interfaces.
2023-10-29T08:32:52.783+01:00  INFO 12136 --- [           main] com.zaxxer.hikari.HikariDataSource       : HikariPool-1 - Starting...
2023-10-29T08:32:53.104+01:00  INFO 12136 --- [           main] com.zaxxer.hikari.pool.HikariPool        : HikariPool-1 - Added connection conn0: url=jdbc:h2:file:./data user=ZARAUSER
2023-10-29T08:32:53.106+01:00  INFO 12136 --- [           main] com.zaxxer.hikari.HikariDataSource       : HikariPool-1 - Start completed.
2023-10-29T08:32:53.231+01:00  INFO 12136 --- [           main] o.hibernate.jpa.internal.util.LogHelper  : HHH000204: Processing PersistenceUnitInfo [name: default]
2023-10-29T08:32:53.304+01:00  INFO 12136 --- [           main] org.hibernate.Version                    : HHH000412: Hibernate ORM core version 6.2.13.Final
2023-10-29T08:32:53.306+01:00  INFO 12136 --- [           main] org.hibernate.cfg.Environment            : HHH000406: Using bytecode reflection optimizer
2023-10-29T08:32:53.735+01:00  INFO 12136 --- [           main] o.s.o.j.p.SpringPersistenceUnitInfo      : No LoadTimeWeaver setup: ignoring JPA class transformer
2023-10-29T08:32:53.793+01:00  WARN 12136 --- [           main] org.hibernate.orm.deprecation            : HHH90000025: H2Dialect does not need to be specified explicitly using 'hibernate.dialect' (remove the property setting and it will be selected by default)
2023-10-29T08:32:54.699+01:00  INFO 12136 --- [           main] o.h.e.t.j.p.i.JtaPlatformInitiator       : HHH000489: No JTA platform available (set 'hibernate.transaction.jta.platform' to enable JTA platform integration)
2023-10-29T08:32:54.702+01:00  INFO 12136 --- [           main] j.LocalContainerEntityManagerFactoryBean : Initialized JPA EntityManagerFactory for persistence unit 'default'
2023-10-29T08:32:55.018+01:00  INFO 12136 --- [           main] o.s.d.j.r.query.QueryEnhancerFactory     : Hibernate is in classpath; If applicable, HQL parser will be used.
2023-10-29T08:32:55.292+01:00  WARN 12136 --- [           main] JpaBaseConfiguration$JpaWebConfiguration : spring.jpa.open-in-view is enabled by default. Therefore, database queries may be performed during view rendering. Explicitly configure spring.jpa.open-in-view to disable this warning
2023-10-29T08:32:56.612+01:00  INFO 12136 --- [           main] c.zproducts.service.ProductServiceTests  : Started ProductServiceTests in 5.649 seconds (process running for 7.219)
]]></system-out>
  </testcase>
  <testcase name="testGetProductsReturnsProductList(String, Integer, Integer)[2]" classname="com.zproducts.service.ProductServiceTests" time="0.007"/>
  <testcase name="testGetProductsReturnsProductList(String, Integer, Integer)[3]" classname="com.zproducts.service.ProductServiceTests" time="0.008"/>
  <testcase name="testGetProductsReturnsProductList(String, Integer, Integer)[4]" classname="com.zproducts.service.ProductServiceTests" time="0.009"/>
  <testcase name="testGetProductsReturnsProductList(String, Integer, Integer)[5]" classname="com.zproducts.service.ProductServiceTests" time="0.007"/>
</testsuite>